<?xml version="1.0" encoding="UTF-8"?>
<!-- Generated by org.testng.reporters.JUnitReportReporter -->
<testsuite hostname="DESKTOP-4UBJTBD" failures="0" tests="1" name="AutomationAssignment.AutomationAssignment.DeviceAPITEST" time="5.090" errors="0" timestamp="2024-10-21T17:07:00 IST" skipped="0">
  <testcase classname="AutomationAssignment.AutomationAssignment.DeviceAPITEST" name="addNewDeviceTest" time="5.090"/>
</testsuite> <!-- AutomationAssignment.AutomationAssignment.DeviceAPITEST -->
